<?xml version="1.0" encoding="UTF-8"?>
<testsuite xmlns:xsi="http://www.w3.org/2001/XMLSchema-instance" xsi:noNamespaceSchemaLocation="https://maven.apache.org/surefire/maven-surefire-plugin/xsd/surefire-test-report-3.0.xsd" version="3.0" name="tn.esprit.rh.achat.services.StockServiceImplTest" time="8.754" tests="5" errors="0" skipped="0" failures="0">
  <properties>
[...]
</properties>
  <testcase name="addStock" classname="tn.esprit.rh.achat.services.StockServiceImplTest" time="0.066">
    <system-out><![CDATA[14:44:18.886 [main] DEBUG org.springframework.test.context.BootstrapUtils - Instantiating CacheAwareContextLoaderDelegate from class [org.springframework.test.context.cache.DefaultCacheAwareContextLoaderDelegate]
14:44:18.911 [main] DEBUG org.springframework.test.context.BootstrapUtils - Instantiating BootstrapContext using constructor [public org.springframework.test.context.support.DefaultBootstrapContext(java.lang.Class,org.springframework.test.context.CacheAwareContextLoaderDelegate)]
14:44:18.976 [main] DEBUG org.springframework.test.context.BootstrapUtils - Instantiating TestContextBootstrapper for test class [tn.esprit.rh.achat.services.StockServiceImplTest] from class [org.springframework.boot.test.context.SpringBootTestContextBootstrapper]
14:44:18.993 [main] INFO org.springframework.boot.test.context.SpringBootTestContextBootstrapper - Neither @ContextConfiguration nor @ContextHierarchy found for test class [tn.esprit.rh.achat.services.StockServiceImplTest], using SpringBootContextLoader
14:44:19.001 [main] DEBUG org.springframework.test.context.support.AbstractContextLoader - Did not detect default resource location for test class [tn.esprit.rh.achat.services.StockServiceImplTest]: class path resource [tn/esprit/rh/achat/services/StockServiceImplTest-context.xml] does not exist
14:44:19.002 [main] DEBUG org.springframework.test.context.support.AbstractContextLoader - Did not detect default resource location for test class [tn.esprit.rh.achat.services.StockServiceImplTest]: class path resource [tn/esprit/rh/achat/services/StockServiceImplTestContext.groovy] does not exist
14:44:19.002 [main] INFO org.springframework.test.context.support.AbstractContextLoader - Could not detect default resource locations for test class [tn.esprit.rh.achat.services.StockServiceImplTest]: no resource found for suffixes {-context.xml, Context.groovy}.
14:44:19.003 [main] INFO org.springframework.test.context.support.AnnotationConfigContextLoaderUtils - Could not detect default configuration classes for test class [tn.esprit.rh.achat.services.StockServiceImplTest]: StockServiceImplTest does not declare any static, non-private, non-final, nested classes annotated with @Configuration.
14:44:19.067 [main] DEBUG org.springframework.test.context.support.ActiveProfilesUtils - Could not find an 'annotation declaring class' for annotation type [org.springframework.test.context.ActiveProfiles] and class [tn.esprit.rh.achat.services.StockServiceImplTest]
14:44:19.187 [main] DEBUG org.springframework.context.annotation.ClassPathScanningCandidateComponentProvider - Identified candidate component class: file [C:\Users\moez\Documents\DevOps\moez backend\devops-back\target\classes\tn\esprit\rh\achat\AchatApplication.class]
14:44:19.188 [main] INFO org.springframework.boot.test.context.SpringBootTestContextBootstrapper - Found @SpringBootConfiguration tn.esprit.rh.achat.AchatApplication for test class tn.esprit.rh.achat.services.StockServiceImplTest
14:44:19.432 [main] DEBUG org.springframework.boot.test.context.SpringBootTestContextBootstrapper - @TestExecutionListeners is not present for class [tn.esprit.rh.achat.services.StockServiceImplTest]: using defaults.
14:44:19.433 [main] INFO org.springframework.boot.test.context.SpringBootTestContextBootstrapper - Loaded default TestExecutionListener class names from location [META-INF/spring.factories]: [org.springframework.boot.test.mock.mockito.MockitoTestExecutionListener, org.springframework.boot.test.mock.mockito.ResetMocksTestExecutionListener, org.springframework.boot.test.autoconfigure.restdocs.RestDocsTestExecutionListener, org.springframework.boot.test.autoconfigure.web.client.MockRestServiceServerResetTestExecutionListener, org.springframework.boot.test.autoconfigure.web.servlet.MockMvcPrintOnlyOnFailureTestExecutionListener, org.springframework.boot.test.autoconfigure.web.servlet.WebDriverTestExecutionListener, org.springframework.boot.test.autoconfigure.webservices.client.MockWebServiceServerTestExecutionListener, org.springframework.test.context.web.ServletTestExecutionListener, org.springframework.test.context.support.DirtiesContextBeforeModesTestExecutionListener, org.springframework.test.context.event.ApplicationEventsTestExecutionListener, org.springframework.test.context.support.DependencyInjectionTestExecutionListener, org.springframework.test.context.support.DirtiesContextTestExecutionListener, org.springframework.test.context.transaction.TransactionalTestExecutionListener, org.springframework.test.context.jdbc.SqlScriptsTestExecutionListener, org.springframework.test.context.event.EventPublishingTestExecutionListener]
14:44:19.488 [main] INFO org.springframework.boot.test.context.SpringBootTestContextBootstrapper - Using TestExecutionListeners: [org.springframework.test.context.web.ServletTestExecutionListener@7e2c64, org.springframework.test.context.support.DirtiesContextBeforeModesTestExecutionListener@7c1e32c9, org.springframework.test.context.event.ApplicationEventsTestExecutionListener@383864d5, org.springframework.boot.test.mock.mockito.MockitoTestExecutionListener@3dd818e8, org.springframework.boot.test.autoconfigure.SpringBootDependencyInjectionTestExecutionListener@4cb40e3b, org.springframework.test.context.support.DirtiesContextTestExecutionListener@41b1f51e, org.springframework.test.context.transaction.TransactionalTestExecutionListener@3a543f31, org.springframework.test.context.jdbc.SqlScriptsTestExecutionListener@47b67fcb, org.springframework.test.context.event.EventPublishingTestExecutionListener@2b9f74d0, org.springframework.boot.test.mock.mockito.ResetMocksTestExecutionListener@65c86db8, org.springframework.boot.test.autoconfigure.restdocs.RestDocsTestExecutionListener@7efe7b87, org.springframework.boot.test.autoconfigure.web.client.MockRestServiceServerResetTestExecutionListener@ac20bb4, org.springframework.boot.test.autoconfigure.web.servlet.MockMvcPrintOnlyOnFailureTestExecutionListener@5a2bd7c8, org.springframework.boot.test.autoconfigure.web.servlet.WebDriverTestExecutionListener@7ca8d498, org.springframework.boot.test.autoconfigure.webservices.client.MockWebServiceServerTestExecutionListener@7187bac9]
14:44:19.498 [main] DEBUG org.springframework.test.context.support.AbstractDirtiesContextTestExecutionListener - Before test class: context [DefaultTestContext@70c0a3d5 testClass = StockServiceImplTest, testInstance = [null], testMethod = [null], testException = [null], mergedContextConfiguration = [WebMergedContextConfiguration@5c8e67b9 testClass = StockServiceImplTest, locations = '{}', classes = '{class tn.esprit.rh.achat.AchatApplication}', contextInitializerClasses = '[]', activeProfiles = '{}', propertySourceLocations = '{}', propertySourceProperties = '{org.springframework.boot.test.context.SpringBootTestContextBootstrapper=true}', contextCustomizers = set[org.springframework.boot.test.context.filter.ExcludeFilterContextCustomizer@1e34c607, org.springframework.boot.test.json.DuplicateJsonObjectContextCustomizerFactory$DuplicateJsonObjectContextCustomizer@9257031, org.springframework.boot.test.mock.mockito.MockitoContextCustomizer@0, org.springframework.boot.test.web.client.TestRestTemplateContextCustomizer@12365c88, org.springframework.boot.test.autoconfigure.actuate.metrics.MetricsExportContextCustomizerFactory$DisableMetricExportContextCustomizer@2c1dc8e, org.springframework.boot.test.autoconfigure.properties.PropertyMappingContextCustomizer@0, org.springframework.boot.test.autoconfigure.web.servlet.WebDriverContextCustomizerFactory$Customizer@350b3a17, org.springframework.boot.test.context.SpringBootTestArgs@1, org.springframework.boot.test.context.SpringBootTestWebEnvironment@1c5920df], resourceBasePath = 'src/main/webapp', contextLoader = 'org.springframework.boot.test.context.SpringBootContextLoader', parent = [null]], attributes = map['org.springframework.test.context.web.ServletTestExecutionListener.activateListener' -> true]], class annotated with @DirtiesContext [false] with mode [null].
14:44:19.580 [main] DEBUG org.springframework.test.context.support.TestPropertySourceUtils - Adding inlined properties to environment: {spring.jmx.enabled=false, org.springframework.boot.test.context.SpringBootTestContextBootstrapper=true}

  .   ____          _            __ _ _
 /\\ / ___'_ __ _ _(_)_ __  __ _ \ \ \ \
( ( )\___ | '_ | '_| | '_ \/ _` | \ \ \ \
 \\/  ___)| |_)| | | | | || (_| |  ) ) ) )
  '  |____| .__|_| |_|_| |_\__, | / / / /
 =========|_|==============|___/=/_/_/_/
 :: Spring Boot ::                (v2.5.3)

2023-11-06 14:44:20 - INFO  - tn.esprit.rh.achat.services.StockServiceImplTest - Starting StockServiceImplTest using Java 16.0.2 on felhi with PID 7864 (started by moez in C:\Users\moez\Documents\DevOps\moez backend\devops-back)
2023-11-06 14:44:20 - INFO  - tn.esprit.rh.achat.services.StockServiceImplTest - No active profile set, falling back to default profiles: default
2023-11-06 14:44:21 - INFO  - o.s.data.repository.config.RepositoryConfigurationDelegate - Bootstrapping Spring Data JPA repositories in DEFAULT mode.
2023-11-06 14:44:21 - INFO  - o.s.data.repository.config.RepositoryConfigurationDelegate - Finished Spring Data repository scanning in 94 ms. Found 10 JPA repository interfaces.
2023-11-06 14:44:22 - INFO  - org.hibernate.jpa.internal.util.LogHelper - HHH000204: Processing PersistenceUnitInfo [name: default]
2023-11-06 14:44:22 - INFO  - org.hibernate.Version - HHH000412: Hibernate ORM core version 5.4.32.Final
2023-11-06 14:44:22 - INFO  - org.hibernate.annotations.common.Version - HCANN000001: Hibernate Commons Annotations {5.1.2.Final}
2023-11-06 14:44:22 - INFO  - com.zaxxer.hikari.HikariDataSource - HikariPool-1 - Starting...
2023-11-06 14:44:23 - INFO  - com.zaxxer.hikari.HikariDataSource - HikariPool-1 - Start completed.
2023-11-06 14:44:23 - INFO  - org.hibernate.dialect.Dialect - HHH000400: Using dialect: org.hibernate.dialect.MySQL5InnoDBDialect
2023-11-06 14:44:24 - INFO  - o.h.e.transaction.jta.platform.internal.JtaPlatformInitiator - HHH000490: Using JtaPlatform implementation: [org.hibernate.engine.transaction.jta.platform.internal.NoJtaPlatform]
2023-11-06 14:44:24 - INFO  - o.s.orm.jpa.LocalContainerEntityManagerFactoryBean - Initialized JPA EntityManagerFactory for persistence unit 'default'
2023-11-06 14:44:26 - WARN  - o.s.b.a.orm.jpa.JpaBaseConfiguration$JpaWebConfiguration - spring.jpa.open-in-view is enabled by default. Therefore, database queries may be performed during view rendering. Explicitly configure spring.jpa.open-in-view to disable this warning
2023-11-06 14:44:27 - INFO  - tn.esprit.rh.achat.services.StockServiceImplTest - Started StockServiceImplTest in 7.519 seconds (JVM running for 9.533)
2023-11-06 14:44:27 - INFO  - tn.esprit.rh.achat.services.StockServiceImpl - In method addStock
]]></system-out>
  </testcase>
  <testcase name="deleteStock" classname="tn.esprit.rh.achat.services.StockServiceImplTest" time="0.007">
    <system-out><![CDATA[2023-11-06 14:44:27 - INFO  - tn.esprit.rh.achat.services.StockServiceImpl - In method deleteStock
]]></system-out>
  </testcase>
  <testcase name="updateStock" classname="tn.esprit.rh.achat.services.StockServiceImplTest" time="0.004">
    <system-out><![CDATA[2023-11-06 14:44:27 - INFO  - tn.esprit.rh.achat.services.StockServiceImpl - In method updateStock
]]></system-out>
  </testcase>
  <testcase name="retrieveStock" classname="tn.esprit.rh.achat.services.StockServiceImplTest" time="0.007">
    <system-out><![CDATA[2023-11-06 14:44:27 - INFO  - tn.esprit.rh.achat.services.StockServiceImpl - In method addStock
2023-11-06 14:44:27 - INFO  - tn.esprit.rh.achat.services.StockServiceImpl - In method retrieveStock
2023-11-06 14:44:27 - INFO  - tn.esprit.rh.achat.services.StockServiceImpl - out of method retrieveStock
2023-11-06 14:44:27 - INFO  - tn.esprit.rh.achat.services.StockServiceImpl - Method execution time: 0 milliseconds.
]]></system-out>
  </testcase>
  <testcase name="retrieveAllStocks" classname="tn.esprit.rh.achat.services.StockServiceImplTest" time="0.005">
    <system-out><![CDATA[Stock: Stock1, Qte: 100, Qte Min: 50
Stock: Stock2, Qte: 200, Qte Min: 75
]]></system-out>
  </testcase>
</testsuite>